<?xml version="1.0" encoding="utf-8"?><testsuites name="pytest tests"><testsuite name="pytest" errors="0" failures="0" skipped="0" tests="6" time="19.952" timestamp="2026-05-19T09:56:06.162177+00:00" hostname="agent-env-522fbaf1-3465-445f-a6e3-037477986a49"><testcase classname="backend.tests.test_kiki_backend.TestRoot" name="test_root" time="0.270" /><testcase classname="backend.tests.test_kiki_backend.TestAdmission" name="test_apply_missing_fields_422" time="0.044" /><testcase classname="backend.tests.test_kiki_backend.TestAdmission" name="test_apply_invalid_email_422" time="0.045" /><testcase classname="backend.tests.test_kiki_backend.TestAdmission" name="test_apply_success_and_list" time="0.090" /><testcase classname="backend.tests.test_kiki_backend.TestAIChat" name="test_chat_returns_reply" time="5.444" /><testcase classname="backend.tests.test_kiki_backend.TestAIChat" name="test_chat_session_persistence" time="13.941" /></testsuite></testsuites>